Using pre-set license
Built from '2020.3/staging' branch; Version is '2020.3.4f1 (0abb6314276a) revision 703331'; Using compiler version '192528614'; Build Type 'Release'
OS: 'Windows 10 Pro; OS build 19041.1052; Version 2004; 64bit' Language: 'tr' Physical Memory: 32606 MB
BatchMode: 1, IsHumanControllingUs: 0, StartBugReporterOnCrash: 0, Is64bit: 1, IsPro: 0

 COMMAND LINE ARGUMENTS:
C:\Program Files\Unity\Hub\Editor\2020.3.4f1\Editor\Unity.exe
-adb2
-batchMode
-noUpm
-name
AssetImportWorker0
-projectPath
C:/Users/Fatih/Desktop/DataPersistence
-logFile
Logs/AssetImportWorker0.log
-srvPort
51472
Successfully changed project path to: C:/Users/Fatih/Desktop/DataPersistence
C:/Users/Fatih/Desktop/DataPersistence
Using Asset Import Pipeline V2.
Refreshing native plugins compatible for Editor in 19.66 ms, found 0 plugins.
Preloading 0 native plugins for Editor in 0.00 ms.
Initialize engine version: 2020.3.4f1 (0abb6314276a)
[Subsystems] Discovering subsystems at path C:/Program Files/Unity/Hub/Editor/2020.3.4f1/Editor/Data/Resources/UnitySubsystems
[Subsystems] Discovering subsystems at path C:/Users/Fatih/Desktop/DataPersistence/Assets
GfxDevice: creating device client; threaded=0
Direct3D:
    Version:  Direct3D 11.0 [level 11.1]
    Renderer: NVIDIA GeForce GTX 1650 (ID=0x1f99)
    Vendor:   
    VRAM:     3962 MB
    Driver:   27.21.14.6242
Initialize mono
Mono path[0] = 'C:/Program Files/Unity/Hub/Editor/2020.3.4f1/Editor/Data/Managed'
Mono path[1] = 'C:/Program Files/Unity/Hub/Editor/2020.3.4f1/Editor/Data/MonoBleedingEdge/lib/mono/unityjit'
Mono config path = 'C:/Program Files/Unity/Hub/Editor/2020.3.4f1/Editor/Data/MonoBleedingEdge/etc'
Using monoOptions --debugger-agent=transport=dt_socket,embedding=1,server=y,suspend=n,address=127.0.0.1:56692
Begin MonoManager ReloadAssembly
Registering precompiled unity dll's ...
Register platform support module: C:/Program Files/Unity/Hub/Editor/2020.3.4f1/Editor/Data/PlaybackEngines/WebGLSupport/UnityEditor.WebGL.Extensions.dll
Register platform support module: C:/Program Files/Unity/Hub/Editor/2020.3.4f1/Editor/Data/PlaybackEngines/WindowsStandaloneSupport/UnityEditor.WindowsStandalone.Extensions.dll
Registered in 0.001833 seconds.
Native extension for WindowsStandalone target not found
Native extension for WebGL target not found
Refreshing native plugins compatible for Editor in 23.44 ms, found 0 plugins.
Preloading 0 native plugins for Editor in 0.00 ms.
Mono: successfully reloaded assembly
- Completed reload, in  1.971 seconds
Platform modules already initialized, skipping
Registering precompiled user dll's ...
Registered in 0.000566 seconds.
Begin MonoManager ReloadAssembly
Native extension for WindowsStandalone target not found
Native extension for WebGL target not found
Refreshing native plugins compatible for Editor in 0.17 ms, found 0 plugins.
Preloading 0 native plugins for Editor in 0.00 ms.
Mono: successfully reloaded assembly
- Completed reload, in  0.715 seconds
Platform modules already initialized, skipping
========================================================================
Worker process is ready to serve import requests
Launched and connected shader compiler UnityShaderCompiler.exe after 0.03 seconds
Refreshing native plugins compatible for Editor in 0.18 ms, found 0 plugins.
Preloading 0 native plugins for Editor in 0.00 ms.
Unloading 1128 Unused Serialized files (Serialized files now loaded: 0)
System memory in use before: 59.2 MB.
System memory in use after: 59.3 MB.

Unloading 10 unused Assets to reduce memory usage. Loaded Objects now: 1571.
Total: 1.450900 ms (FindLiveObjects: 0.127800 ms CreateObjectMapping: 0.037700 ms MarkObjects: 1.220900 ms  DeleteObjects: 0.063500 ms)

========================================================================
Received Import Request.
  path: Assets/Scenes
  artifactKey: Guid(d2b071c1835dcf0458915418183815e4) Importer(815301076,1909f56bfc062723c751e8b465ee728b)
Start importing Assets/Scenes using Guid(d2b071c1835dcf0458915418183815e4) Importer(815301076,1909f56bfc062723c751e8b465ee728b)  -> (artifact id: '634c08111ee98da1037ef2c60aa26828') in 0.007885 seconds
  Import took 0.009430 seconds .

========================================================================
Received Import Request.
  Time since last request: 0.000246 seconds.
  path: Assets/Scripts
  artifactKey: Guid(6a0eb41f5035fd247b2f16ec4a02d948) Importer(815301076,1909f56bfc062723c751e8b465ee728b)
Start importing Assets/Scripts using Guid(6a0eb41f5035fd247b2f16ec4a02d948) Importer(815301076,1909f56bfc062723c751e8b465ee728b)  -> (artifact id: '68058faea0a9cea8925382d99e514828') in 0.006311 seconds
  Import took 0.008032 seconds .

========================================================================
Received Import Request.
  Time since last request: 0.000299 seconds.
  path: Assets/Scenes/SampleScene.unity
  artifactKey: Guid(9fc0d4010bbf28b4594072e72b8655ab) Importer(815301076,1909f56bfc062723c751e8b465ee728b)
Start importing Assets/Scenes/SampleScene.unity using Guid(9fc0d4010bbf28b4594072e72b8655ab) Importer(815301076,1909f56bfc062723c751e8b465ee728b)  -> (artifact id: 'a0dd8c018c451bceae1e1302a1531463') in 0.010782 seconds
  Import took 0.012243 seconds .

========================================================================
Received Import Request.
  Time since last request: 14.481930 seconds.
  path: Assets/Scripts/UI_Controller.cs
  artifactKey: Guid(bf12fa1561e4f804180973b3b28a4c5e) Importer(815301076,1909f56bfc062723c751e8b465ee728b)
Start importing Assets/Scripts/UI_Controller.cs using Guid(bf12fa1561e4f804180973b3b28a4c5e) Importer(815301076,1909f56bfc062723c751e8b465ee728b)  -> (artifact id: '5d3e5b85d6cc064eee2599def7c26cee') in 0.020174 seconds
  Import took 0.021805 seconds .

========================================================================
Received Prepare
Registering precompiled user dll's ...
Registered in 0.000501 seconds.
Begin MonoManager ReloadAssembly
Native extension for WindowsStandalone target not found
Native extension for WebGL target not found
Refreshing native plugins compatible for Editor in 0.19 ms, found 0 plugins.
Preloading 0 native plugins for Editor in 0.00 ms.
Mono: successfully reloaded assembly
- Completed reload, in  0.726 seconds
Platform modules already initialized, skipping
Refreshing native plugins compatible for Editor in 0.18 ms, found 0 plugins.
Preloading 0 native plugins for Editor in 0.00 ms.
Unloading 1111 Unused Serialized files (Serialized files now loaded: 0)
System memory in use before: 57.9 MB.
System memory in use after: 58.0 MB.

Unloading 5 unused Assets to reduce memory usage. Loaded Objects now: 1575.
Total: 3.849400 ms (FindLiveObjects: 0.162600 ms CreateObjectMapping: 0.091400 ms MarkObjects: 3.479300 ms  DeleteObjects: 0.114300 ms)

========================================================================
Received Prepare
Registering precompiled user dll's ...
Registered in 0.000583 seconds.
Begin MonoManager ReloadAssembly
Native extension for WindowsStandalone target not found
Native extension for WebGL target not found
Refreshing native plugins compatible for Editor in 0.19 ms, found 0 plugins.
Preloading 0 native plugins for Editor in 0.00 ms.
Mono: successfully reloaded assembly
- Completed reload, in  0.689 seconds
Platform modules already initialized, skipping
Refreshing native plugins compatible for Editor in 0.18 ms, found 0 plugins.
Preloading 0 native plugins for Editor in 0.00 ms.
Unloading 1111 Unused Serialized files (Serialized files now loaded: 0)
System memory in use before: 58.0 MB.
System memory in use after: 58.0 MB.

Unloading 5 unused Assets to reduce memory usage. Loaded Objects now: 1578.
Total: 1.375100 ms (FindLiveObjects: 0.152100 ms CreateObjectMapping: 0.038200 ms MarkObjects: 1.135300 ms  DeleteObjects: 0.047500 ms)

========================================================================
Received Import Request.
  Time since last request: 153.362090 seconds.
  path: Assets/Scripts/UI_Controller.cs
  artifactKey: Guid(bf12fa1561e4f804180973b3b28a4c5e) Importer(815301076,1909f56bfc062723c751e8b465ee728b)
Start importing Assets/Scripts/UI_Controller.cs using Guid(bf12fa1561e4f804180973b3b28a4c5e) Importer(815301076,1909f56bfc062723c751e8b465ee728b)  -> (artifact id: '66286eb93c8e26e57f79aa3e0b40792d') in 0.003389 seconds
  Import took 0.005030 seconds .

========================================================================
Received Prepare
Registering precompiled user dll's ...
Registered in 0.000979 seconds.
Begin MonoManager ReloadAssembly
Native extension for WindowsStandalone target not found
Native extension for WebGL target not found
Refreshing native plugins compatible for Editor in 0.19 ms, found 0 plugins.
Preloading 0 native plugins for Editor in 0.00 ms.
Mono: successfully reloaded assembly
- Completed reload, in  0.656 seconds
Platform modules already initialized, skipping
Refreshing native plugins compatible for Editor in 0.22 ms, found 0 plugins.
Preloading 0 native plugins for Editor in 0.00 ms.
Unloading 1111 Unused Serialized files (Serialized files now loaded: 0)
System memory in use before: 58.0 MB.
System memory in use after: 58.0 MB.

Unloading 5 unused Assets to reduce memory usage. Loaded Objects now: 1581.
Total: 1.398100 ms (FindLiveObjects: 0.124700 ms CreateObjectMapping: 0.032500 ms MarkObjects: 1.195300 ms  DeleteObjects: 0.044800 ms)

========================================================================
Received Import Request.
  Time since last request: 63.262391 seconds.
  path: Assets/Scripts/JsonSave.cs
  artifactKey: Guid(b1a6f1ac0dc997345990ceba937e2d04) Importer(815301076,1909f56bfc062723c751e8b465ee728b)
Start importing Assets/Scripts/JsonSave.cs using Guid(b1a6f1ac0dc997345990ceba937e2d04) Importer(815301076,1909f56bfc062723c751e8b465ee728b)  -> (artifact id: '2db8c58aa2d519fb4aa68def540eaa88') in 0.011455 seconds
  Import took 0.013973 seconds .

========================================================================
Received Prepare
Registering precompiled user dll's ...
Registered in 0.000773 seconds.
Begin MonoManager ReloadAssembly
Native extension for WindowsStandalone target not found
Native extension for WebGL target not found
Refreshing native plugins compatible for Editor in 0.35 ms, found 0 plugins.
Preloading 0 native plugins for Editor in 0.00 ms.
Mono: successfully reloaded assembly
- Completed reload, in  0.825 seconds
Platform modules already initialized, skipping
Refreshing native plugins compatible for Editor in 0.18 ms, found 0 plugins.
Preloading 0 native plugins for Editor in 0.00 ms.
Unloading 1112 Unused Serialized files (Serialized files now loaded: 0)
System memory in use before: 58.0 MB.
System memory in use after: 58.1 MB.

Unloading 5 unused Assets to reduce memory usage. Loaded Objects now: 1585.
Total: 1.592300 ms (FindLiveObjects: 0.127300 ms CreateObjectMapping: 0.037400 ms MarkObjects: 1.378600 ms  DeleteObjects: 0.047900 ms)

========================================================================
Received Prepare
Registering precompiled user dll's ...
Registered in 0.000705 seconds.
Begin MonoManager ReloadAssembly
Native extension for WindowsStandalone target not found
Native extension for WebGL target not found
Refreshing native plugins compatible for Editor in 0.20 ms, found 0 plugins.
Preloading 0 native plugins for Editor in 0.00 ms.
Mono: successfully reloaded assembly
- Completed reload, in  0.707 seconds
Platform modules already initialized, skipping
Refreshing native plugins compatible for Editor in 0.18 ms, found 0 plugins.
Preloading 0 native plugins for Editor in 0.00 ms.
Unloading 1112 Unused Serialized files (Serialized files now loaded: 0)
System memory in use before: 58.0 MB.
System memory in use after: 58.1 MB.

Unloading 5 unused Assets to reduce memory usage. Loaded Objects now: 1588.
Total: 1.410500 ms (FindLiveObjects: 0.116900 ms CreateObjectMapping: 0.031700 ms MarkObjects: 1.214100 ms  DeleteObjects: 0.047000 ms)

========================================================================
Received Import Request.
  Time since last request: 861.043482 seconds.
  path: Assets/Scripts/JsonSave.cs
  artifactKey: Guid(b1a6f1ac0dc997345990ceba937e2d04) Importer(815301076,1909f56bfc062723c751e8b465ee728b)
Start importing Assets/Scripts/JsonSave.cs using Guid(b1a6f1ac0dc997345990ceba937e2d04) Importer(815301076,1909f56bfc062723c751e8b465ee728b)  -> (artifact id: '2b0cb5ff8d0e8f559a1d2276469ed6f8') in 0.003437 seconds
  Import took 0.005272 seconds .

========================================================================
Received Prepare
Registering precompiled user dll's ...
Registered in 0.000542 seconds.
Begin MonoManager ReloadAssembly
Native extension for WindowsStandalone target not found
Native extension for WebGL target not found
Refreshing native plugins compatible for Editor in 0.18 ms, found 0 plugins.
Preloading 0 native plugins for Editor in 0.00 ms.
Mono: successfully reloaded assembly
- Completed reload, in  0.688 seconds
Platform modules already initialized, skipping
Refreshing native plugins compatible for Editor in 0.18 ms, found 0 plugins.
Preloading 0 native plugins for Editor in 0.00 ms.
Unloading 1112 Unused Serialized files (Serialized files now loaded: 0)
System memory in use before: 58.0 MB.
System memory in use after: 58.1 MB.

Unloading 5 unused Assets to reduce memory usage. Loaded Objects now: 1591.
Total: 1.632800 ms (FindLiveObjects: 0.227600 ms CreateObjectMapping: 0.033200 ms MarkObjects: 1.329000 ms  DeleteObjects: 0.041000 ms)

========================================================================
Received Import Request.
  Time since last request: 17.833418 seconds.
  path: Assets/Scripts/JsonSave.cs
  artifactKey: Guid(b1a6f1ac0dc997345990ceba937e2d04) Importer(815301076,1909f56bfc062723c751e8b465ee728b)
Start importing Assets/Scripts/JsonSave.cs using Guid(b1a6f1ac0dc997345990ceba937e2d04) Importer(815301076,1909f56bfc062723c751e8b465ee728b)  -> (artifact id: 'f0db36c73775178093d38f8a23ccf9aa') in 0.005566 seconds
  Import took 0.007195 seconds .

========================================================================
Received Import Request.
  Time since last request: 1.650365 seconds.
  path: Assets/Scripts/JsonSave.cs
  artifactKey: Guid(b1a6f1ac0dc997345990ceba937e2d04) Importer(815301076,1909f56bfc062723c751e8b465ee728b)
Start importing Assets/Scripts/JsonSave.cs using Guid(b1a6f1ac0dc997345990ceba937e2d04) Importer(815301076,1909f56bfc062723c751e8b465ee728b)  -> (artifact id: 'f0db36c73775178093d38f8a23ccf9aa') in 0.002084 seconds
  Import took 0.004157 seconds .

========================================================================
Received Prepare
Registering precompiled user dll's ...
Registered in 0.000546 seconds.
Begin MonoManager ReloadAssembly
Native extension for WindowsStandalone target not found
Native extension for WebGL target not found
Refreshing native plugins compatible for Editor in 0.18 ms, found 0 plugins.
Preloading 0 native plugins for Editor in 0.00 ms.
Mono: successfully reloaded assembly
- Completed reload, in  0.696 seconds
Platform modules already initialized, skipping
Refreshing native plugins compatible for Editor in 0.18 ms, found 0 plugins.
Preloading 0 native plugins for Editor in 0.00 ms.
Unloading 1112 Unused Serialized files (Serialized files now loaded: 0)
System memory in use before: 58.0 MB.
System memory in use after: 58.1 MB.

Unloading 5 unused Assets to reduce memory usage. Loaded Objects now: 1594.
Total: 1.701400 ms (FindLiveObjects: 0.176100 ms CreateObjectMapping: 0.067400 ms MarkObjects: 1.412600 ms  DeleteObjects: 0.044400 ms)

========================================================================
Received Import Request.
  Time since last request: 18.912869 seconds.
  path: Assets/Scripts/JsonSave.cs
  artifactKey: Guid(b1a6f1ac0dc997345990ceba937e2d04) Importer(815301076,1909f56bfc062723c751e8b465ee728b)
Start importing Assets/Scripts/JsonSave.cs using Guid(b1a6f1ac0dc997345990ceba937e2d04) Importer(815301076,1909f56bfc062723c751e8b465ee728b)  -> (artifact id: '4d329ad1741373e50c31cf42f36e3b68') in 0.004373 seconds
  Import took 0.006445 seconds .

========================================================================
Received Import Request.
  Time since last request: 1.487352 seconds.
  path: Assets/Scripts/JsonSave.cs
  artifactKey: Guid(b1a6f1ac0dc997345990ceba937e2d04) Importer(815301076,1909f56bfc062723c751e8b465ee728b)
Start importing Assets/Scripts/JsonSave.cs using Guid(b1a6f1ac0dc997345990ceba937e2d04) Importer(815301076,1909f56bfc062723c751e8b465ee728b)  -> (artifact id: '4d329ad1741373e50c31cf42f36e3b68') in 0.001723 seconds
  Import took 0.003309 seconds .

========================================================================
Received Prepare
Registering precompiled user dll's ...
Registered in 0.000567 seconds.
Begin MonoManager ReloadAssembly
Native extension for WindowsStandalone target not found
Native extension for WebGL target not found
Refreshing native plugins compatible for Editor in 0.19 ms, found 0 plugins.
Preloading 0 native plugins for Editor in 0.00 ms.
Mono: successfully reloaded assembly
- Completed reload, in  0.663 seconds
Platform modules already initialized, skipping
Refreshing native plugins compatible for Editor in 0.18 ms, found 0 plugins.
Preloading 0 native plugins for Editor in 0.00 ms.
Unloading 1112 Unused Serialized files (Serialized files now loaded: 0)
System memory in use before: 58.0 MB.
System memory in use after: 58.1 MB.

Unloading 5 unused Assets to reduce memory usage. Loaded Objects now: 1597.
Total: 1.434700 ms (FindLiveObjects: 0.174800 ms CreateObjectMapping: 0.050400 ms MarkObjects: 1.163000 ms  DeleteObjects: 0.045300 ms)

========================================================================
Received Prepare
Registering precompiled user dll's ...
Registered in 0.000503 seconds.
Begin MonoManager ReloadAssembly
Native extension for WindowsStandalone target not found
Native extension for WebGL target not found
Refreshing native plugins compatible for Editor in 0.19 ms, found 0 plugins.
Preloading 0 native plugins for Editor in 0.00 ms.
Mono: successfully reloaded assembly
- Completed reload, in  0.686 seconds
Platform modules already initialized, skipping
Refreshing native plugins compatible for Editor in 0.18 ms, found 0 plugins.
Preloading 0 native plugins for Editor in 0.00 ms.
Unloading 1112 Unused Serialized files (Serialized files now loaded: 0)
System memory in use before: 58.0 MB.
System memory in use after: 58.1 MB.

Unloading 5 unused Assets to reduce memory usage. Loaded Objects now: 1600.
Total: 1.461500 ms (FindLiveObjects: 0.120400 ms CreateObjectMapping: 0.032400 ms MarkObjects: 1.264200 ms  DeleteObjects: 0.043800 ms)

========================================================================
Received Prepare
Registering precompiled user dll's ...
Registered in 0.000711 seconds.
Begin MonoManager ReloadAssembly
Native extension for WindowsStandalone target not found
Native extension for WebGL target not found
Refreshing native plugins compatible for Editor in 0.19 ms, found 0 plugins.
Preloading 0 native plugins for Editor in 0.00 ms.
Mono: successfully reloaded assembly
- Completed reload, in  0.686 seconds
Platform modules already initialized, skipping
Refreshing native plugins compatible for Editor in 0.23 ms, found 0 plugins.
Preloading 0 native plugins for Editor in 0.00 ms.
Unloading 1112 Unused Serialized files (Serialized files now loaded: 0)
System memory in use before: 58.0 MB.
System memory in use after: 58.1 MB.

Unloading 5 unused Assets to reduce memory usage. Loaded Objects now: 1603.
Total: 2.211900 ms (FindLiveObjects: 0.247800 ms CreateObjectMapping: 0.105500 ms MarkObjects: 1.801600 ms  DeleteObjects: 0.055100 ms)

========================================================================
Received Prepare
Registering precompiled user dll's ...
Registered in 0.000753 seconds.
Begin MonoManager ReloadAssembly
Native extension for WindowsStandalone target not found
Native extension for WebGL target not found
Refreshing native plugins compatible for Editor in 0.22 ms, found 0 plugins.
Preloading 0 native plugins for Editor in 0.00 ms.
Mono: successfully reloaded assembly
- Completed reload, in  0.775 seconds
Platform modules already initialized, skipping
Refreshing native plugins compatible for Editor in 0.22 ms, found 0 plugins.
Preloading 0 native plugins for Editor in 0.00 ms.
Unloading 1112 Unused Serialized files (Serialized files now loaded: 0)
System memory in use before: 58.0 MB.
System memory in use after: 58.1 MB.

Unloading 5 unused Assets to reduce memory usage. Loaded Objects now: 1606.
Total: 2.777700 ms (FindLiveObjects: 0.326800 ms CreateObjectMapping: 0.109900 ms MarkObjects: 2.272500 ms  DeleteObjects: 0.066700 ms)

========================================================================
Received Import Request.
  Time since last request: 362.374545 seconds.
  path: Assets/TextMesh Pro
  artifactKey: Guid(f54d1bd14bd3ca042bd867b519fee8cc) Importer(815301076,1909f56bfc062723c751e8b465ee728b)
Start importing Assets/TextMesh Pro using Guid(f54d1bd14bd3ca042bd867b519fee8cc) Importer(815301076,1909f56bfc062723c751e8b465ee728b)  -> (artifact id: '848a6be426deb7a1866c2e2c59583138') in 0.008019 seconds
  Import took 0.009813 seconds .

========================================================================
Received Prepare
Registering precompiled user dll's ...
Registered in 0.000518 seconds.
Begin MonoManager ReloadAssembly
Native extension for WindowsStandalone target not found
Native extension for WebGL target not found
Refreshing native plugins compatible for Editor in 0.19 ms, found 0 plugins.
Preloading 0 native plugins for Editor in 0.00 ms.
Mono: successfully reloaded assembly
- Completed reload, in  0.703 seconds
Platform modules already initialized, skipping
Refreshing native plugins compatible for Editor in 0.19 ms, found 0 plugins.
Preloading 0 native plugins for Editor in 0.00 ms.
Unloading 1112 Unused Serialized files (Serialized files now loaded: 0)
System memory in use before: 58.1 MB.
System memory in use after: 58.1 MB.

Unloading 5 unused Assets to reduce memory usage. Loaded Objects now: 1609.
Total: 1.564800 ms (FindLiveObjects: 0.173900 ms CreateObjectMapping: 0.037700 ms MarkObjects: 1.303600 ms  DeleteObjects: 0.046800 ms)

========================================================================
Received Prepare
Registering precompiled user dll's ...
Registered in 0.000573 seconds.
Begin MonoManager ReloadAssembly
Native extension for WindowsStandalone target not found
Native extension for WebGL target not found
Refreshing native plugins compatible for Editor in 0.18 ms, found 0 plugins.
Preloading 0 native plugins for Editor in 0.00 ms.
Mono: successfully reloaded assembly
- Completed reload, in  0.670 seconds
Platform modules already initialized, skipping
Refreshing native plugins compatible for Editor in 0.18 ms, found 0 plugins.
Preloading 0 native plugins for Editor in 0.00 ms.
Unloading 1112 Unused Serialized files (Serialized files now loaded: 0)
System memory in use before: 58.1 MB.
System memory in use after: 58.1 MB.

Unloading 5 unused Assets to reduce memory usage. Loaded Objects now: 1612.
Total: 1.432400 ms (FindLiveObjects: 0.131800 ms CreateObjectMapping: 0.037700 ms MarkObjects: 1.213900 ms  DeleteObjects: 0.048100 ms)

========================================================================
Received Import Request.
  Time since last request: 958.714226 seconds.
  path: Assets/Scripts/JsonSave.cs
  artifactKey: Guid(b1a6f1ac0dc997345990ceba937e2d04) Importer(815301076,1909f56bfc062723c751e8b465ee728b)
Start importing Assets/Scripts/JsonSave.cs using Guid(b1a6f1ac0dc997345990ceba937e2d04) Importer(815301076,1909f56bfc062723c751e8b465ee728b)  -> (artifact id: 'd4cc01cc058265eccbccb6d55f3c8d61') in 0.007469 seconds
  Import took 0.009569 seconds .

========================================================================
Received Prepare
Registering precompiled user dll's ...
Registered in 0.000540 seconds.
Begin MonoManager ReloadAssembly
Native extension for WindowsStandalone target not found
Native extension for WebGL target not found
Refreshing native plugins compatible for Editor in 0.19 ms, found 0 plugins.
Preloading 0 native plugins for Editor in 0.00 ms.
Mono: successfully reloaded assembly
- Completed reload, in  0.718 seconds
Platform modules already initialized, skipping
Refreshing native plugins compatible for Editor in 0.19 ms, found 0 plugins.
Preloading 0 native plugins for Editor in 0.00 ms.
Unloading 1111 Unused Serialized files (Serialized files now loaded: 0)
System memory in use before: 58.0 MB.
System memory in use after: 58.1 MB.

Unloading 6 unused Assets to reduce memory usage. Loaded Objects now: 1614.
Total: 1.418200 ms (FindLiveObjects: 0.136100 ms CreateObjectMapping: 0.034700 ms MarkObjects: 1.199800 ms  DeleteObjects: 0.046900 ms)

========================================================================
Received Import Request.
  Time since last request: 22.784633 seconds.
  path: Assets/Scripts/GameManager.cs
  artifactKey: Guid(776acf8396bf305479e4fcb8841ddca2) Importer(815301076,1909f56bfc062723c751e8b465ee728b)
Start importing Assets/Scripts/GameManager.cs using Guid(776acf8396bf305479e4fcb8841ddca2) Importer(815301076,1909f56bfc062723c751e8b465ee728b)  -> (artifact id: '1e9c334933139cd749060a3b2d7b2e7b') in 0.008561 seconds
  Import took 0.010618 seconds .

========================================================================
Received Prepare
Registering precompiled user dll's ...
Registered in 0.000722 seconds.
Begin MonoManager ReloadAssembly
Native extension for WindowsStandalone target not found
Native extension for WebGL target not found
Refreshing native plugins compatible for Editor in 0.21 ms, found 0 plugins.
Preloading 0 native plugins for Editor in 0.00 ms.
Mono: successfully reloaded assembly
- Completed reload, in  0.846 seconds
Platform modules already initialized, skipping
Refreshing native plugins compatible for Editor in 0.19 ms, found 0 plugins.
Preloading 0 native plugins for Editor in 0.00 ms.
Unloading 1112 Unused Serialized files (Serialized files now loaded: 0)
System memory in use before: 58.1 MB.
System memory in use after: 58.1 MB.

Unloading 5 unused Assets to reduce memory usage. Loaded Objects now: 1618.
Total: 1.412300 ms (FindLiveObjects: 0.124600 ms CreateObjectMapping: 0.034100 ms MarkObjects: 1.186900 ms  DeleteObjects: 0.065400 ms)

========================================================================
Received Prepare
Registering precompiled user dll's ...
Registered in 0.000553 seconds.
Begin MonoManager ReloadAssembly
Native extension for WindowsStandalone target not found
Native extension for WebGL target not found
Refreshing native plugins compatible for Editor in 0.19 ms, found 0 plugins.
Preloading 0 native plugins for Editor in 0.00 ms.
Mono: successfully reloaded assembly
- Completed reload, in  0.674 seconds
Platform modules already initialized, skipping
Refreshing native plugins compatible for Editor in 0.18 ms, found 0 plugins.
Preloading 0 native plugins for Editor in 0.00 ms.
Unloading 1112 Unused Serialized files (Serialized files now loaded: 0)
System memory in use before: 58.1 MB.
System memory in use after: 58.1 MB.

Unloading 5 unused Assets to reduce memory usage. Loaded Objects now: 1621.
Total: 1.476100 ms (FindLiveObjects: 0.136900 ms CreateObjectMapping: 0.039800 ms MarkObjects: 1.251800 ms  DeleteObjects: 0.046800 ms)

========================================================================
Received Import Request.
  Time since last request: 62.939434 seconds.
  path: Assets/Scripts/GameManager.cs
  artifactKey: Guid(776acf8396bf305479e4fcb8841ddca2) Importer(815301076,1909f56bfc062723c751e8b465ee728b)
Start importing Assets/Scripts/GameManager.cs using Guid(776acf8396bf305479e4fcb8841ddca2) Importer(815301076,1909f56bfc062723c751e8b465ee728b)  -> (artifact id: 'd75a000a9c08d70af525d7a9e9d79f1f') in 0.006992 seconds
  Import took 0.009078 seconds .

========================================================================
Received Prepare
Registering precompiled user dll's ...
Registered in 0.000520 seconds.
Begin MonoManager ReloadAssembly
Native extension for WindowsStandalone target not found
Native extension for WebGL target not found
Refreshing native plugins compatible for Editor in 0.19 ms, found 0 plugins.
Preloading 0 native plugins for Editor in 0.00 ms.
Mono: successfully reloaded assembly
- Completed reload, in  0.688 seconds
Platform modules already initialized, skipping
Refreshing native plugins compatible for Editor in 0.19 ms, found 0 plugins.
Preloading 0 native plugins for Editor in 0.00 ms.
Unloading 1112 Unused Serialized files (Serialized files now loaded: 0)
System memory in use before: 58.1 MB.
System memory in use after: 58.2 MB.

Unloading 5 unused Assets to reduce memory usage. Loaded Objects now: 1624.
Total: 1.384600 ms (FindLiveObjects: 0.126000 ms CreateObjectMapping: 0.035400 ms MarkObjects: 1.177600 ms  DeleteObjects: 0.044400 ms)

========================================================================
Received Import Request.
  Time since last request: 116.663521 seconds.
  path: Assets/Scripts/GameManager.cs
  artifactKey: Guid(776acf8396bf305479e4fcb8841ddca2) Importer(815301076,1909f56bfc062723c751e8b465ee728b)
Start importing Assets/Scripts/GameManager.cs using Guid(776acf8396bf305479e4fcb8841ddca2) Importer(815301076,1909f56bfc062723c751e8b465ee728b)  -> (artifact id: 'e0fd31d16a9074b3e5c29d8b012b09ae') in 0.005582 seconds
  Import took 0.007214 seconds .

========================================================================
Received Import Request.
  Time since last request: 9.311422 seconds.
  path: Assets/Scripts/PlayerState.cs
  artifactKey: Guid(2f71bd5d0ed3a874f88554c9c5d3e4d4) Importer(815301076,1909f56bfc062723c751e8b465ee728b)
Start importing Assets/Scripts/PlayerState.cs using Guid(2f71bd5d0ed3a874f88554c9c5d3e4d4) Importer(815301076,1909f56bfc062723c751e8b465ee728b)  -> (artifact id: '936bd6d094da77b2e77b0dcf204dceb0') in 0.006327 seconds
  Import took 0.008152 seconds .

========================================================================
Received Prepare
Registering precompiled user dll's ...
Registered in 0.000776 seconds.
Begin MonoManager ReloadAssembly
Native extension for WindowsStandalone target not found
Native extension for WebGL target not found
Refreshing native plugins compatible for Editor in 0.18 ms, found 0 plugins.
Preloading 0 native plugins for Editor in 0.00 ms.
Mono: successfully reloaded assembly
- Completed reload, in  0.750 seconds
Platform modules already initialized, skipping
Refreshing native plugins compatible for Editor in 0.22 ms, found 0 plugins.
Preloading 0 native plugins for Editor in 0.00 ms.
Unloading 1113 Unused Serialized files (Serialized files now loaded: 0)
System memory in use before: 58.1 MB.
System memory in use after: 58.2 MB.

Unloading 5 unused Assets to reduce memory usage. Loaded Objects now: 1628.
Total: 1.431700 ms (FindLiveObjects: 0.128400 ms CreateObjectMapping: 0.035300 ms MarkObjects: 1.225900 ms  DeleteObjects: 0.041500 ms)

========================================================================
Received Import Request.
  Time since last request: 264.402597 seconds.
  path: Assets/Scripts/PlayerState.cs
  artifactKey: Guid(2f71bd5d0ed3a874f88554c9c5d3e4d4) Importer(815301076,1909f56bfc062723c751e8b465ee728b)
Start importing Assets/Scripts/PlayerState.cs using Guid(2f71bd5d0ed3a874f88554c9c5d3e4d4) Importer(815301076,1909f56bfc062723c751e8b465ee728b)  -> (artifact id: '747739d6fafe978f845ae0767a9f4caa') in 0.009340 seconds
  Import took 0.011307 seconds .

========================================================================
Received Import Request.
  Time since last request: 0.003261 seconds.
  path: Assets/Scripts/PlayerState.cs
  artifactKey: Guid(2f71bd5d0ed3a874f88554c9c5d3e4d4) Importer(815301076,1909f56bfc062723c751e8b465ee728b)
Start importing Assets/Scripts/PlayerState.cs using Guid(2f71bd5d0ed3a874f88554c9c5d3e4d4) Importer(815301076,1909f56bfc062723c751e8b465ee728b)  -> (artifact id: '747739d6fafe978f845ae0767a9f4caa') in 0.002862 seconds
  Import took 0.004621 seconds .

========================================================================
Received Prepare
Registering precompiled user dll's ...
Registered in 0.000538 seconds.
Begin MonoManager ReloadAssembly
Native extension for WindowsStandalone target not found
Native extension for WebGL target not found
Refreshing native plugins compatible for Editor in 0.20 ms, found 0 plugins.
Preloading 0 native plugins for Editor in 0.00 ms.
Mono: successfully reloaded assembly
- Completed reload, in  0.694 seconds
Platform modules already initialized, skipping
Refreshing native plugins compatible for Editor in 0.19 ms, found 0 plugins.
Preloading 0 native plugins for Editor in 0.00 ms.
Unloading 1113 Unused Serialized files (Serialized files now loaded: 0)
System memory in use before: 58.1 MB.
System memory in use after: 58.2 MB.

Unloading 5 unused Assets to reduce memory usage. Loaded Objects now: 1631.
Total: 1.362700 ms (FindLiveObjects: 0.122700 ms CreateObjectMapping: 0.033100 ms MarkObjects: 1.161200 ms  DeleteObjects: 0.044800 ms)

========================================================================
Received Prepare
Registering precompiled user dll's ...
Registered in 0.000547 seconds.
Begin MonoManager ReloadAssembly
Native extension for WindowsStandalone target not found
Native extension for WebGL target not found
Refreshing native plugins compatible for Editor in 0.18 ms, found 0 plugins.
Preloading 0 native plugins for Editor in 0.00 ms.
Mono: successfully reloaded assembly
- Completed reload, in  0.639 seconds
Platform modules already initialized, skipping
Refreshing native plugins compatible for Editor in 0.21 ms, found 0 plugins.
Preloading 0 native plugins for Editor in 0.00 ms.
Unloading 1113 Unused Serialized files (Serialized files now loaded: 0)
System memory in use before: 58.1 MB.
System memory in use after: 58.2 MB.

Unloading 5 unused Assets to reduce memory usage. Loaded Objects now: 1634.
Total: 1.778400 ms (FindLiveObjects: 0.155900 ms CreateObjectMapping: 0.040900 ms MarkObjects: 1.502000 ms  DeleteObjects: 0.058600 ms)

AssetImportWorkerClient::OnTransportError - code=2 error=End of file
